\BOOKMARK [0][-]{chapter*.1}{Abstract}{}% 1
\BOOKMARK [0][-]{chapter*.3}{List of Abbreviations}{}% 2
\BOOKMARK [0][-]{chapter*.4}{List of Figures}{}% 3
\BOOKMARK [0][-]{chapter*.5}{List of Tables}{}% 4
\BOOKMARK [0][-]{chapter.1}{Introduction}{}% 5
\BOOKMARK [1][-]{section.1.1}{Security Services}{chapter.1}% 6
\BOOKMARK [2][-]{subsection.1.1.1}{Confidentiality}{section.1.1}% 7
\BOOKMARK [2][-]{subsection.1.1.2}{Integrity}{section.1.1}% 8
\BOOKMARK [2][-]{subsection.1.1.3}{Authenticity}{section.1.1}% 9
\BOOKMARK [2][-]{subsection.1.1.4}{Non-repudiation}{section.1.1}% 10
\BOOKMARK [1][-]{section.1.2}{Authentication using Digital Signatures}{chapter.1}% 11
\BOOKMARK [2][-]{subsection.1.2.1}{Digital Signatures}{section.1.2}% 12
\BOOKMARK [2][-]{subsection.1.2.2}{Public Key Infrastructure \(PKI\)}{section.1.2}% 13
\BOOKMARK [2][-]{subsection.1.2.3}{Privacy Issues}{section.1.2}% 14
\BOOKMARK [1][-]{section.1.3}{Group Signatures: Authentication with Privacy}{chapter.1}% 15
\BOOKMARK [2][-]{subsection.1.3.1}{Group Based Authentication}{section.1.3}% 16
\BOOKMARK [2][-]{subsection.1.3.2}{Architecture of Group Signature}{section.1.3}% 17
\BOOKMARK [2][-]{subsection.1.3.3}{Security requirements of Group Signatures}{section.1.3}% 18
\BOOKMARK [2][-]{subsection.1.3.4}{Applications of Group Signatures}{section.1.3}% 19
\BOOKMARK [1][-]{section.1.4}{Motivation and Objective}{chapter.1}% 20
\BOOKMARK [1][-]{section.1.5}{Organization}{chapter.1}% 21
\BOOKMARK [0][-]{chapter.2}{Literature Survey}{}% 22
\BOOKMARK [1][-]{section.2.1}{Classification of Group Signatures}{chapter.2}% 23
\BOOKMARK [2][-]{subsection.2.1.1}{Static Group Signatures}{section.2.1}% 24
\BOOKMARK [2][-]{subsection.2.1.2}{Dynamic Group Signatures}{section.2.1}% 25
\BOOKMARK [2][-]{subsection.2.1.3}{Group Signature Schemes with Verifiable Opening}{section.2.1}% 26
\BOOKMARK [2][-]{subsection.2.1.4}{Group Signature Schemes with Distributed Authorities}{section.2.1}% 27
\BOOKMARK [2][-]{subsection.2.1.5}{Group Signatures with Unique Properties}{section.2.1}% 28
\BOOKMARK [1][-]{section.2.2}{Group Signature Schemes based on General Assumptions}{chapter.2}% 29
\BOOKMARK [2][-]{subsection.2.2.1}{The Bellare Micciancio Warinschi Scheme}{section.2.2}% 30
\BOOKMARK [2][-]{subsection.2.2.2}{The Bellare Shi Zhang Scheme}{section.2.2}% 31
\BOOKMARK [1][-]{section.2.3}{Group Signature Schemes using RSA assumption}{chapter.2}% 32
\BOOKMARK [2][-]{subsection.2.3.1}{The ACJT Scheme}{section.2.3}% 33
\BOOKMARK [2][-]{subsection.2.3.2}{The Tsudik and Xu Scheme}{section.2.3}% 34
\BOOKMARK [2][-]{subsection.2.3.3}{The Camenisch and Groth Scheme}{section.2.3}% 35
\BOOKMARK [2][-]{subsection.2.3.4}{The Kiayias and Yung Scheme}{section.2.3}% 36
\BOOKMARK [1][-]{section.2.4}{Group Signature Scheme using Discrete Logarithms}{chapter.2}% 37
\BOOKMARK [2][-]{subsection.2.4.1}{The Ateniese de Medeiros Scheme}{section.2.4}% 38
\BOOKMARK [2][-]{subsection.2.4.2}{The Furukawa Yonezawa Scheme}{section.2.4}% 39
\BOOKMARK [1][-]{section.2.5}{Other Notable Group Signature Schemes}{chapter.2}% 40
\BOOKMARK [2][-]{subsection.2.5.1}{The Boneh Boyen Shacham Scheme}{section.2.5}% 41
\BOOKMARK [2][-]{subsection.2.5.2}{The Camenisch Lysyanskaya Scheme}{section.2.5}% 42
\BOOKMARK [2][-]{subsection.2.5.3}{The Bichsel Camenisch Neven Smart Warinschi Scheme}{section.2.5}% 43
\BOOKMARK [1][-]{section.2.6}{Similar Approaches for Authentication with Privacy}{chapter.2}% 44
\BOOKMARK [2][-]{subsection.2.6.1}{Affiliation Hiding Authentication}{section.2.6}% 45
\BOOKMARK [2][-]{subsection.2.6.2}{Anonymous Credential System}{section.2.6}% 46
\BOOKMARK [2][-]{subsection.2.6.3}{Anonymous Signatures}{section.2.6}% 47
\BOOKMARK [2][-]{subsection.2.6.4}{Blind Signatures}{section.2.6}% 48
\BOOKMARK [2][-]{subsection.2.6.5}{Direct Anonymous Attestation \(DAA\)}{section.2.6}% 49
\BOOKMARK [2][-]{subsection.2.6.6}{Ring Signature}{section.2.6}% 50
\BOOKMARK [2][-]{subsection.2.6.7}{Traceable Signature}{section.2.6}% 51
\BOOKMARK [1][-]{section.2.7}{Cryptographic Foundations}{chapter.2}% 52
\BOOKMARK [2][-]{subsection.2.7.1}{Trapdoor Permutations}{section.2.7}% 53
\BOOKMARK [2][-]{subsection.2.7.2}{Hash Functions}{section.2.7}% 54
\BOOKMARK [2][-]{subsection.2.7.3}{Random Oracle Model}{section.2.7}% 55
\BOOKMARK [1][-]{section.2.8}{Number Theory Assumptions}{chapter.2}% 56
\BOOKMARK [2][-]{subsection.2.8.1}{Strong RSA Assumption}{section.2.8}% 57
\BOOKMARK [2][-]{subsection.2.8.2}{Quadratic Residuosity Assumption}{section.2.8}% 58
\BOOKMARK [2][-]{subsection.2.8.3}{Decisional Diffie Hellman Assumption \(DDH\)}{section.2.8}% 59
\BOOKMARK [2][-]{subsection.2.8.4}{Computational Diffie Hellman Assumption \(CDH\)}{section.2.8}% 60
\BOOKMARK [1][-]{section.2.9}{Zero Knowledge Proof of Knowledge}{chapter.2}% 61
\BOOKMARK [2][-]{subsection.2.9.1}{Non Interactive Zero Knowledge Proofs}{section.2.9}% 62
\BOOKMARK [2][-]{subsection.2.9.2}{Schnorr Identification Protocol}{section.2.9}% 63
\BOOKMARK [2][-]{subsection.2.9.3}{Signature of Knowledge \(SoK\)}{section.2.9}% 64
\BOOKMARK [0][-]{chapter.3}{Problem Definition}{}% 65
\BOOKMARK [0][-]{chapter.4}{System Development}{}% 66
\BOOKMARK [1][-]{section.4.1}{Distribution of Authorities}{chapter.4}% 67
\BOOKMARK [2][-]{subsection.4.1.1}{Group Manager}{section.4.1}% 68
\BOOKMARK [2][-]{subsection.4.1.2}{Opening Manager}{section.4.1}% 69
\BOOKMARK [2][-]{subsection.4.1.3}{Revocation Manager}{section.4.1}% 70
\BOOKMARK [1][-]{section.4.2}{Definition of Proposed Scheme}{chapter.4}% 71
\BOOKMARK [1][-]{section.4.3}{Architecture of Proposed Scheme}{chapter.4}% 72
\BOOKMARK [1][-]{section.4.4}{Model Development}{chapter.4}% 73
\BOOKMARK [2][-]{subsection.4.4.1}{Security Parameters}{section.4.4}% 74
\BOOKMARK [2][-]{subsection.4.4.2}{Set Up Algorithm}{section.4.4}% 75
\BOOKMARK [2][-]{subsection.4.4.3}{Join Protocol}{section.4.4}% 76
\BOOKMARK [2][-]{subsection.4.4.4}{Sign Procedure}{section.4.4}% 77
\BOOKMARK [2][-]{subsection.4.4.5}{Verify Procedure}{section.4.4}% 78
\BOOKMARK [2][-]{subsection.4.4.6}{Open Algorithm}{section.4.4}% 79
\BOOKMARK [2][-]{subsection.4.4.7}{Revoke Method}{section.4.4}% 80
\BOOKMARK [1][-]{section.4.5}{Implementation}{chapter.4}% 81
\BOOKMARK [2][-]{subsection.4.5.1}{Registration and Login}{section.4.5}% 82
\BOOKMARK [2][-]{subsection.4.5.2}{Sign and Post}{section.4.5}% 83
\BOOKMARK [2][-]{subsection.4.5.3}{Verification}{section.4.5}% 84
\BOOKMARK [2][-]{subsection.4.5.4}{Opening a Signature}{section.4.5}% 85
\BOOKMARK [2][-]{subsection.4.5.5}{Revocation}{section.4.5}% 86
\BOOKMARK [0][-]{chapter.5}{Performance Analysis}{}% 87
\BOOKMARK [1][-]{section.5.1}{Functionality Overview}{chapter.5}% 88
\BOOKMARK [2][-]{subsection.5.1.1}{Dynamic Behaviour}{section.5.1}% 89
\BOOKMARK [2][-]{subsection.5.1.2}{Distributed Authorities}{section.5.1}% 90
\BOOKMARK [2][-]{subsection.5.1.3}{Verifiable Opening}{section.5.1}% 91
\BOOKMARK [2][-]{subsection.5.1.4}{Revocation Support}{section.5.1}% 92
\BOOKMARK [2][-]{subsection.5.1.5}{Comparison with Other Schemes}{section.5.1}% 93
\BOOKMARK [1][-]{section.5.2}{Security Analysis}{chapter.5}% 94
\BOOKMARK [2][-]{subsection.5.2.1}{Correctness}{section.5.2}% 95
\BOOKMARK [2][-]{subsection.5.2.2}{Unforgeability}{section.5.2}% 96
\BOOKMARK [2][-]{subsection.5.2.3}{Anonymity}{section.5.2}% 97
\BOOKMARK [2][-]{subsection.5.2.4}{Unlinkability}{section.5.2}% 98
\BOOKMARK [2][-]{subsection.5.2.5}{Exculpability}{section.5.2}% 99
\BOOKMARK [2][-]{subsection.5.2.6}{Traceability}{section.5.2}% 100
\BOOKMARK [2][-]{subsection.5.2.7}{Coalition Resistance}{section.5.2}% 101
\BOOKMARK [2][-]{subsection.5.2.8}{Revocability}{section.5.2}% 102
\BOOKMARK [1][-]{section.5.3}{Performance Overview}{chapter.5}% 103
\BOOKMARK [2][-]{subsection.5.3.1}{Cost for Authorities}{section.5.3}% 104
\BOOKMARK [2][-]{subsection.5.3.2}{Cost for Members and Verifiers}{section.5.3}% 105
\BOOKMARK [2][-]{subsection.5.3.3}{Comparison with ACJT Scheme}{section.5.3}% 106
\BOOKMARK [0][-]{chapter.6}{Conclusion}{}% 107
\BOOKMARK [0][-]{section*.46}{References}{}% 108
\BOOKMARK [0][-]{section*.48}{Index}{}% 109
